2026-07-21T01:55:25Z INF Thank you for trying Cloudflare Tunnel. Doing so, without a Cloudflare account, is a quick way to experiment and try it out. However, be aware that these account-less Tunnels have no uptime guarantee, are subject to the Cloudflare Online Services Terms of Use (https://www.cloudflare.com/website-terms/), and Cloudflare reserves the right to investigate your use of Tunnels for violations of such terms. If you intend to use Tunnels in production you should use a pre-created named tunnel by following: https://developers.cloudflare.com/cloudflare-one/connections/connect-apps
2026-07-21T01:55:25Z INF Requesting new quick Tunnel on trycloudflare.com...
2026-07-21T01:55:28Z INF +--------------------------------------------------------------------------------------------+
2026-07-21T01:55:28Z INF |  Your quick Tunnel has been created! Visit it at (it may take some time to be reachable):  |
2026-07-21T01:55:28Z INF |  https://gone-most-aside-sticker.trycloudflare.com                                         |
2026-07-21T01:55:28Z INF +--------------------------------------------------------------------------------------------+
2026-07-21T01:55:28Z INF Cannot determine default configuration path. No file [config.yml config.yaml] in [~/.cloudflared ~/.cloudflare-warp ~/cloudflare-warp /etc/cloudflared /usr/local/etc/cloudflared]
2026-07-21T01:55:28Z INF Version 2026.5.1 (Checksum 55826c1289a42b3bb93efd34155edd37cab61f039f04d5c60fbb27b73858e9dc)
2026-07-21T01:55:28Z INF GOOS: darwin, GOVersion: go1.26.3, GoArch: arm64
2026-07-21T01:55:28Z INF Settings: map[ha-connections:1 protocol:quic url:http://localhost:8765]
2026-07-21T01:55:28Z INF cloudflared will not automatically update if installed by a package manager.
2026-07-21T01:55:28Z INF Generated Connector ID: 1eb74e16-c721-420d-ad70-b64bf71a932f
2026-07-21T01:55:28Z INF Initial protocol quic
2026-07-21T01:55:28Z INF ICMP proxy will use 192.168.0.58 as source for IPv4
2026-07-21T01:55:28Z INF ICMP proxy will use fe80::1888:1970:16a5:f3b8 in zone en0 as source for IPv6
2026-07-21T01:55:28Z INF Created ICMP proxy listening on 192.168.0.58:0
2026-07-21T01:55:28Z INF ICMP proxy will use 192.168.0.58 as source for IPv4
2026-07-21T01:55:28Z INF ICMP proxy will use fe80::1888:1970:16a5:f3b8 in zone en0 as source for IPv6
2026-07-21T01:55:28Z INF Starting metrics server on 127.0.0.1:20243/metrics
2026-07-21T01:55:28Z INF Tunnel connection curve preferences: [X25519MLKEM768 CurveID(65074) CurveP256] connIndex=0 event=0 ip=198.41.192.77
2026-07-21T01:55:29Z INF Registered tunnel connection connIndex=0 connection=9c677942-2767-47bb-ae81-b297430120b3 event=0 ip=198.41.192.77 location=icn06 protocol=quic
--- CONNECTIVITY PRE-CHECKS ----------------------------------------------------
COMPONENT         TARGET                     STATUS  DETAILS
DNS Resolution    region1.v2.argotunnel.com  PASS    DNS Resolved successfully
DNS Resolution    region2.v2.argotunnel.com  PASS    DNS Resolved successfully
UDP Connectivity  region1.v2.argotunnel.com  PASS    QUIC connection successful
UDP Connectivity  region2.v2.argotunnel.com  PASS    QUIC connection successful
TCP Connectivity  region1.v2.argotunnel.com  PASS    HTTP/2 connection successful
TCP Connectivity  region2.v2.argotunnel.com  PASS    HTTP/2 connection successful
Cloudflare API    api.cloudflare.com:443     PASS    API is reachable

SUMMARY: Environment is healthy. cloudflared will use 'quic' as primary protocol.
--------------------------------------------------------------------------------

2026-07-21T01:55:34Z INF precheck component="DNS Resolution" details="DNS Resolved successfully" run_id=65fd6b6b-7830-4f4a-a71f-72cb42457324 status=pass target=region1.v2.argotunnel.com
2026-07-21T01:55:34Z INF precheck component="DNS Resolution" details="DNS Resolved successfully" run_id=65fd6b6b-7830-4f4a-a71f-72cb42457324 status=pass target=region2.v2.argotunnel.com
2026-07-21T01:55:34Z INF precheck component="UDP Connectivity" details="QUIC connection successful" run_id=65fd6b6b-7830-4f4a-a71f-72cb42457324 status=pass target=region1.v2.argotunnel.com
2026-07-21T01:55:34Z INF precheck component="UDP Connectivity" details="QUIC connection successful" run_id=65fd6b6b-7830-4f4a-a71f-72cb42457324 status=pass target=region2.v2.argotunnel.com
2026-07-21T01:55:34Z INF precheck component="TCP Connectivity" details="HTTP/2 connection successful" run_id=65fd6b6b-7830-4f4a-a71f-72cb42457324 status=pass target=region1.v2.argotunnel.com
2026-07-21T01:55:34Z INF precheck component="TCP Connectivity" details="HTTP/2 connection successful" run_id=65fd6b6b-7830-4f4a-a71f-72cb42457324 status=pass target=region2.v2.argotunnel.com
2026-07-21T01:55:34Z INF precheck component="Cloudflare API" details="API is reachable" run_id=65fd6b6b-7830-4f4a-a71f-72cb42457324 status=pass target=api.cloudflare.com:443
2026-07-21T01:55:34Z INF precheck complete hard_fail=false run_id=65fd6b6b-7830-4f4a-a71f-72cb42457324 suggested_protocol=quic
2026-07-22T01:55:29Z WRN Your version 2026.5.1 is outdated. We recommend upgrading it to 2026.7.2
